<?xml version="1.0" encoding="UTF-8"?>
<!-- Generated by org.testng.reporters.JUnitXMLReporter -->
<testsuite ignored="0" hostname="DESKTOP-D70N2JT" failures="0" tests="3" name="Homepage" time="0.107" errors="0" timestamp="2021-08-23T14:49:18 IST">
  <testcase classname="com.selenium.training.TestNGAttributes2" name="login" time="0.013"/>
  <testcase classname="com.selenium.training.TestNGAttributes2" name="signup" time="0.002"/>
  <testcase classname="com.selenium.training.TestNGAttributes2" name="test" time="0.003"/>
</testsuite> <!-- Homepage -->
